D:\DEF\trunk\Code\Tool\ZooKeeperC\zookeeper-3.4.6\src\c\Debug\cl.command.1.tlog
D:\DEF\trunk\Code\Tool\ZooKeeperC\zookeeper-3.4.6\src\c\Debug\CL.read.1.tlog
D:\DEF\trunk\Code\Tool\ZooKeeperC\zookeeper-3.4.6\src\c\Debug\CL.write.1.tlog
D:\DEF\trunk\Code\Tool\ZooKeeperC\zookeeper-3.4.6\src\c\Debug\Cli.exe.embed.manifest
D:\DEF\TRUNK\CODE\TOOL\ZOOKEEPERC\ZOOKEEPER-3.4.6\SRC\C\DEBUG\CLI.EXE.EMBED.MANIFEST.RES
D:\DEF\TRUNK\CODE\TOOL\ZOOKEEPERC\ZOOKEEPER-3.4.6\SRC\C\DEBUG\CLI.OBJ
D:\DEF\trunk\Code\Tool\ZooKeeperC\zookeeper-3.4.6\src\c\Debug\Cli_manifest.rc
D:\DEF\TRUNK\CODE\TOOL\ZOOKEEPERC\ZOOKEEPER-3.4.6\SRC\C\DEBUG\HASHTABLE.OBJ
D:\DEF\TRUNK\CODE\TOOL\ZOOKEEPERC\ZOOKEEPER-3.4.6\SRC\C\DEBUG\HASHTABLE_ITR.OBJ
D:\DEF\trunk\Code\Tool\ZooKeeperC\zookeeper-3.4.6\src\c\Debug\link.command.1.tlog
D:\DEF\trunk\Code\Tool\ZooKeeperC\zookeeper-3.4.6\src\c\Debug\link.read.1.tlog
D:\DEF\trunk\Code\Tool\ZooKeeperC\zookeeper-3.4.6\src\c\Debug\link.write.1.tlog
D:\DEF\trunk\Code\Tool\ZooKeeperC\zookeeper-3.4.6\src\c\Debug\mt.command.1.tlog
D:\DEF\trunk\Code\Tool\ZooKeeperC\zookeeper-3.4.6\src\c\Debug\mt.read.1.tlog
D:\DEF\trunk\Code\Tool\ZooKeeperC\zookeeper-3.4.6\src\c\Debug\mt.write.1.tlog
D:\DEF\TRUNK\CODE\TOOL\ZOOKEEPERC\ZOOKEEPER-3.4.6\SRC\C\DEBUG\MT_ADAPTOR.OBJ
D:\DEF\trunk\Code\Tool\ZooKeeperC\zookeeper-3.4.6\src\c\Debug\rc.command.1.tlog
D:\DEF\trunk\Code\Tool\ZooKeeperC\zookeeper-3.4.6\src\c\Debug\rc.read.1.tlog
D:\DEF\trunk\Code\Tool\ZooKeeperC\zookeeper-3.4.6\src\c\Debug\rc.write.1.tlog
D:\DEF\TRUNK\CODE\TOOL\ZOOKEEPERC\ZOOKEEPER-3.4.6\SRC\C\DEBUG\RECORDIO.OBJ
D:\DEF\trunk\Code\Tool\ZooKeeperC\zookeeper-3.4.6\src\c\Debug\vc100.idb
D:\DEF\TRUNK\CODE\TOOL\ZOOKEEPERC\ZOOKEEPER-3.4.6\SRC\C\DEBUG\VC100.PDB
D:\DEF\TRUNK\CODE\TOOL\ZOOKEEPERC\ZOOKEEPER-3.4.6\SRC\C\DEBUG\WINCONFIG.OBJ
D:\DEF\TRUNK\CODE\TOOL\ZOOKEEPERC\ZOOKEEPER-3.4.6\SRC\C\DEBUG\WINPORT.OBJ
D:\DEF\TRUNK\CODE\TOOL\ZOOKEEPERC\ZOOKEEPER-3.4.6\SRC\C\DEBUG\ZK_HASHTABLE.OBJ
D:\DEF\TRUNK\CODE\TOOL\ZOOKEEPERC\ZOOKEEPER-3.4.6\SRC\C\DEBUG\ZK_LOG.OBJ
D:\DEF\TRUNK\CODE\TOOL\ZOOKEEPERC\ZOOKEEPER-3.4.6\SRC\C\DEBUG\ZOOKEEPER.DLL
D:\DEF\TRUNK\CODE\TOOL\ZOOKEEPERC\ZOOKEEPER-3.4.6\SRC\C\DEBUG\ZOOKEEPER.DLL.INTERMEDIATE.MANIFEST
D:\DEF\TRUNK\CODE\TOOL\ZOOKEEPERC\ZOOKEEPER-3.4.6\SRC\C\DEBUG\ZOOKEEPER.JUTE.OBJ
D:\DEF\TRUNK\CODE\TOOL\ZOOKEEPERC\ZOOKEEPER-3.4.6\SRC\C\DEBUG\ZOOKEEPER.OBJ
D:\DEF\TRUNK\CODE\TOOL\ZOOKEEPERC\ZOOKEEPER-3.4.6\SRC\C\DEBUG\ZOOKEEPER.PDB
D:\DEF\trunk\Code\Tool\ZooKeeperC\zookeeper-3.4.6\src\c\Debug\zookeeper.write.1.tlog
D:\DEF\trunk\Code\Tool\ZooKeeperC\zookeeper-3.4.6\src\c\Debug\zookeeper_d.exp
D:\DEF\trunk\Code\Tool\ZooKeeperC\zookeeper-3.4.6\src\c\Debug\zookeeper_d.lib
