Build started 2014/7/29 16:17:28.
     1>Project "D:\DEF\trunk\Code\Tool\ZooKeeperC\zookeeper-3.4.6\src\c\zookeeper.vcxproj" on node 2 (build target(s)).
     1>InitializeBuildStatus:
         Creating "Debug\zookeeper.unsuccessfulbuild" because "AlwaysCreate" was specified.
       ClCompile:
         D:\Program Files (x86)\Microsoft Visual Studio 10.0\VC\bin\x86_amd64\CL.exe /c /I"D:\DEF\trunk\Code\Tool\ZooKeeperC\zookeeper-3.4.6\src\c\include" /I"D:\DEF\trunk\Code\Tool\ZooKeeperC\zookeeper-3.4.6\src\c\generated" /I"D:\DEF\trunk\Code\Tool\ZooKeeperC\zookeeper-3.4.6\src\c" /I"D:\DEF\trunk\Code\Tool\ZooKeeperC\zookeeper-3.4.6\src\c\hashtable" /Zi /nologo /W3 /WX- /Od /D WIN32 /D _DEBUG /D _WINDOWS /D _USRDLL /D ZOOKEEPER_EXPORTS /D DLL_EXPORT /D THREADED /D _WINDLL /D _MBCS /Gm- /EHsc /RTC1 /MDd /GS /fp:precise /Zc:wchar_t /Zc:forScope /Fo"Debug\\" /Fd"Debug\vc100.pdb" /Gd /TC /errorReport:prompt include\winconfig.h src\hashtable\hashtable.c src\hashtable\hashtable_itr.c src\mt_adaptor.c src\recordio.c src\winport.c src\zk_hashtable.c src\zk_log.c src\zookeeper.c generated\zookeeper.jute.c
         winconfig.h
     1>include\winconfig.h(187): warning C4005: 'EWOULDBLOCK' : macro redefinition
                 D:\Program Files (x86)\Microsoft Visual Studio 10.0\VC\include\errno.h(132) : see previous definition of 'EWOULDBLOCK'
     1>include\winconfig.h(188): warning C4005: 'EINPROGRESS' : macro redefinition
                 D:\Program Files (x86)\Microsoft Visual Studio 10.0\VC\include\errno.h(104) : see previous definition of 'EINPROGRESS'
         hashtable.c
     1>D:\DEF\trunk\Code\Tool\ZooKeeperC\zookeeper-3.4.6\src\c\include\winconfig.h(187): warning C4005: 'EWOULDBLOCK' : macro redefinition
                 D:\Program Files (x86)\Microsoft Visual Studio 10.0\VC\include\errno.h(132) : see previous definition of 'EWOULDBLOCK'
     1>D:\DEF\trunk\Code\Tool\ZooKeeperC\zookeeper-3.4.6\src\c\include\winconfig.h(188): warning C4005: 'EINPROGRESS' : macro redefinition
                 D:\Program Files (x86)\Microsoft Visual Studio 10.0\VC\include\errno.h(104) : see previous definition of 'EINPROGRESS'
     1>src\hashtable\hashtable.c(25): warning C4305: 'initializing' : truncation from 'double' to 'const float'
         hashtable_itr.c
     1>D:\DEF\trunk\Code\Tool\ZooKeeperC\zookeeper-3.4.6\src\c\include\winconfig.h(187): warning C4005: 'EWOULDBLOCK' : macro redefinition
                 D:\Program Files (x86)\Microsoft Visual Studio 10.0\VC\include\errno.h(132) : see previous definition of 'EWOULDBLOCK'
     1>D:\DEF\trunk\Code\Tool\ZooKeeperC\zookeeper-3.4.6\src\c\include\winconfig.h(188): warning C4005: 'EINPROGRESS' : macro redefinition
                 D:\Program Files (x86)\Microsoft Visual Studio 10.0\VC\include\errno.h(104) : see previous definition of 'EINPROGRESS'
         mt_adaptor.c
     1>d:\def\trunk\code\tool\zookeeperc\zookeeper-3.4.6\src\c\include\winconfig.h(187): warning C4005: 'EWOULDBLOCK' : macro redefinition
                 D:\Program Files (x86)\Microsoft Visual Studio 10.0\VC\include\errno.h(132) : see previous definition of 'EWOULDBLOCK'
     1>d:\def\trunk\code\tool\zookeeperc\zookeeper-3.4.6\src\c\include\winconfig.h(188): warning C4005: 'EINPROGRESS' : macro redefinition
                 D:\Program Files (x86)\Microsoft Visual Studio 10.0\VC\include\errno.h(104) : see previous definition of 'EINPROGRESS'
     1>src\mt_adaptor.c(526): warning C4244: '=' : conversion from 'time_t' to 'int32_t', possible loss of data
         recordio.c
     1>d:\def\trunk\code\tool\zookeeperc\zookeeper-3.4.6\src\c\include\winconfig.h(187): warning C4005: 'EWOULDBLOCK' : macro redefinition
                 D:\Program Files (x86)\Microsoft Visual Studio 10.0\VC\include\errno.h(132) : see previous definition of 'EWOULDBLOCK'
     1>d:\def\trunk\code\tool\zookeeperc\zookeeper-3.4.6\src\c\include\winconfig.h(188): warning C4005: 'EINPROGRESS' : macro redefinition
                 D:\Program Files (x86)\Microsoft Visual Studio 10.0\VC\include\errno.h(104) : see previous definition of 'EINPROGRESS'
     1>src\recordio.c(168): warning C4267: '=' : conversion from 'size_t' to 'int32_t', possible loss of data
         winport.c
     1>D:\DEF\trunk\Code\Tool\ZooKeeperC\zookeeper-3.4.6\src\c\include\winconfig.h(187): warning C4005: 'EWOULDBLOCK' : macro redefinition
                 D:\Program Files (x86)\Microsoft Visual Studio 10.0\VC\include\errno.h(132) : see previous definition of 'EWOULDBLOCK'
     1>D:\DEF\trunk\Code\Tool\ZooKeeperC\zookeeper-3.4.6\src\c\include\winconfig.h(188): warning C4005: 'EINPROGRESS' : macro redefinition
                 D:\Program Files (x86)\Microsoft Visual Studio 10.0\VC\include\errno.h(104) : see previous definition of 'EINPROGRESS'
     1>src\winport.c(254): warning C4090: 'function' : different 'const' qualifiers
         zk_hashtable.c
     1>d:\def\trunk\code\tool\zookeeperc\zookeeper-3.4.6\src\c\include\winconfig.h(187): warning C4005: 'EWOULDBLOCK' : macro redefinition
                 D:\Program Files (x86)\Microsoft Visual Studio 10.0\VC\include\errno.h(132) : see previous definition of 'EWOULDBLOCK'
     1>d:\def\trunk\code\tool\zookeeperc\zookeeper-3.4.6\src\c\include\winconfig.h(188): warning C4005: 'EINPROGRESS' : macro redefinition
                 D:\Program Files (x86)\Microsoft Visual Studio 10.0\VC\include\errno.h(104) : see previous definition of 'EINPROGRESS'
     1>src\zk_hashtable.c(189): warning C4996: 'strdup': The POSIX name for this item is deprecated. Instead, use the ISO C++ conformant name: _strdup. See online help for details.
                 D:\Program Files (x86)\Microsoft Visual Studio 10.0\VC\include\string.h(238) : see declaration of 'strdup'
     1>src\zk_hashtable.c(213): warning C4996: 'strdup': The POSIX name for this item is deprecated. Instead, use the ISO C++ conformant name: _strdup. See online help for details.
                 D:\Program Files (x86)\Microsoft Visual Studio 10.0\VC\include\string.h(238) : see declaration of 'strdup'
         zk_log.c
     1>d:\def\trunk\code\tool\zookeeperc\zookeeper-3.4.6\src\c\include\winconfig.h(187): warning C4005: 'EWOULDBLOCK' : macro redefinition
                 D:\Program Files (x86)\Microsoft Visual Studio 10.0\VC\include\errno.h(132) : see previous definition of 'EWOULDBLOCK'
     1>d:\def\trunk\code\tool\zookeeperc\zookeeper-3.4.6\src\c\include\winconfig.h(188): warning C4005: 'EINPROGRESS' : macro redefinition
                 D:\Program Files (x86)\Microsoft Visual Studio 10.0\VC\include\errno.h(104) : see previous definition of 'EINPROGRESS'
     1>src\zk_log.c(120): warning C4996: '_snprintf': This function or variable may be unsafe. Consider using _snprintf_s instead. To disable deprecation, use _CRT_SECURE_NO_WARNINGS. See online help for details.
                 D:\Program Files (x86)\Microsoft Visual Studio 10.0\VC\include\stdio.h(363) : see declaration of '_snprintf'
     1>src\zk_log.c(134): warning C4996: 'getpid': The POSIX name for this item is deprecated. Instead, use the ISO C++ conformant name: _getpid. See online help for details.
                 D:\Program Files (x86)\Microsoft Visual Studio 10.0\VC\include\process.h(206) : see declaration of 'getpid'
     1>src\zk_log.c(160): warning C4996: 'vsnprintf': This function or variable may be unsafe. Consider using vsnprintf_s instead. To disable deprecation, use _CRT_SECURE_NO_WARNINGS. See online help for details.
                 D:\Program Files (x86)\Microsoft Visual Studio 10.0\VC\include\stdio.h(354) : see declaration of 'vsnprintf'
         zookeeper.c
     1>d:\def\trunk\code\tool\zookeeperc\zookeeper-3.4.6\src\c\include\winconfig.h(187): warning C4005: 'EWOULDBLOCK' : macro redefinition
                 D:\Program Files (x86)\Microsoft Visual Studio 10.0\VC\include\errno.h(132) : see previous definition of 'EWOULDBLOCK'
     1>d:\def\trunk\code\tool\zookeeperc\zookeeper-3.4.6\src\c\include\winconfig.h(188): warning C4005: 'EINPROGRESS' : macro redefinition
                 D:\Program Files (x86)\Microsoft Visual Studio 10.0\VC\include\errno.h(104) : see previous definition of 'EINPROGRESS'
     1>src\zookeeper.c(464): warning C4996: 'strdup': The POSIX name for this item is deprecated. Instead, use the ISO C++ conformant name: _strdup. See online help for details.
                 D:\Program Files (x86)\Microsoft Visual Studio 10.0\VC\include\string.h(238) : see declaration of 'strdup'
     1>src\zookeeper.c(810): warning C4996: 'strdup': The POSIX name for this item is deprecated. Instead, use the ISO C++ conformant name: _strdup. See online help for details.
                 D:\Program Files (x86)\Microsoft Visual Studio 10.0\VC\include\string.h(238) : see declaration of 'strdup'
     1>src\zookeeper.c(821): warning C4996: 'strncpy': This function or variable may be unsafe. Consider using strncpy_s instead. To disable deprecation, use _CRT_SECURE_NO_WARNINGS. See online help for details.
                 D:\Program Files (x86)\Microsoft Visual Studio 10.0\VC\include\string.h(188) : see declaration of 'strncpy'
     1>src\zookeeper.c(827): warning C4996: 'strdup': The POSIX name for this item is deprecated. Instead, use the ISO C++ conformant name: _strdup. See online help for details.
                 D:\Program Files (x86)\Microsoft Visual Studio 10.0\VC\include\string.h(238) : see declaration of 'strdup'
     1>src\zookeeper.c(888): warning C4996: 'strdup': The POSIX name for this item is deprecated. Instead, use the ISO C++ conformant name: _strdup. See online help for details.
                 D:\Program Files (x86)\Microsoft Visual Studio 10.0\VC\include\string.h(238) : see declaration of 'strdup'
     1>src\zookeeper.c(891): warning C4996: 'strcpy': This function or variable may be unsafe. Consider using strcpy_s instead. To disable deprecation, use _CRT_SECURE_NO_WARNINGS. See online help for details.
                 D:\Program Files (x86)\Microsoft Visual Studio 10.0\VC\include\string.h(105) : see declaration of 'strcpy'
     1>src\zookeeper.c(892): warning C4996: 'strcat': This function or variable may be unsafe. Consider using strcat_s instead. To disable deprecation, use _CRT_SECURE_NO_WARNINGS. See online help for details.
                 D:\Program Files (x86)\Microsoft Visual Studio 10.0\VC\include\string.h(110) : see declaration of 'strcat'
     1>src\zookeeper.c(911): warning C4996: 'strdup': The POSIX name for this item is deprecated. Instead, use the ISO C++ conformant name: _strdup. See online help for details.
                 D:\Program Files (x86)\Microsoft Visual Studio 10.0\VC\include\string.h(238) : see declaration of 'strdup'
     1>src\zookeeper.c(914): warning C4996: 'strdup': The POSIX name for this item is deprecated. Instead, use the ISO C++ conformant name: _strdup. See online help for details.
                 D:\Program Files (x86)\Microsoft Visual Studio 10.0\VC\include\string.h(238) : see declaration of 'strdup'
     1>src\zookeeper.c(1250): warning C4996: 'vsnprintf': This function or variable may be unsafe. Consider using vsnprintf_s instead. To disable deprecation, use _CRT_SECURE_NO_WARNINGS. See online help for details.
                 D:\Program Files (x86)\Microsoft Visual Studio 10.0\VC\include\stdio.h(354) : see declaration of 'vsnprintf'
     1>src\zookeeper.c(1253): warning C4996: 'strerror': This function or variable may be unsafe. Consider using strerror_s instead. To disable deprecation, use _CRT_SECURE_NO_WARNINGS. See online help for details.
                 D:\Program Files (x86)\Microsoft Visual Studio 10.0\VC\include\string.h(157) : see declaration of 'strerror'
     1>src\zookeeper.c(1475): warning C4133: 'function' : incompatible types - from 'int *' to 'const char *'
     1>src\zookeeper.c(1480): warning C4996: 'strerror': This function or variable may be unsafe. Consider using strerror_s instead. To disable deprecation, use _CRT_SECURE_NO_WARNINGS. See online help for details.
                 D:\Program Files (x86)\Microsoft Visual Studio 10.0\VC\include\string.h(157) : see declaration of 'strerror'
     1>src\zookeeper.c(1692): warning C4133: 'function' : incompatible types - from 'int *' to 'char *'
     1>src\zookeeper.c(1930): warning C4267: '=' : conversion from 'size_t' to 'int', possible loss of data
     1>src\zookeeper.c(2310): warning C4996: 'strdup': The POSIX name for this item is deprecated. Instead, use the ISO C++ conformant name: _strdup. See online help for details.
                 D:\Program Files (x86)\Microsoft Visual Studio 10.0\VC\include\string.h(238) : see declaration of 'strdup'
     1>src\zookeeper.c(2550): warning C4267: '=' : conversion from 'size_t' to 'int', possible loss of data
     1>src\zookeeper.c(3040): warning C4267: 'initializing' : conversion from 'size_t' to 'int', possible loss of data
     1>src\zookeeper.c(3375): warning C4996: 'strerror': This function or variable may be unsafe. Consider using strerror_s instead. To disable deprecation, use _CRT_SECURE_NO_WARNINGS. See online help for details.
                 D:\Program Files (x86)\Microsoft Visual Studio 10.0\VC\include\string.h(157) : see declaration of 'strerror'
     1>src\zookeeper.c(3411): warning C4996: 'strdup': The POSIX name for this item is deprecated. Instead, use the ISO C++ conformant name: _strdup. See online help for details.
                 D:\Program Files (x86)\Microsoft Visual Studio 10.0\VC\include\string.h(238) : see declaration of 'strdup'
     1>src\zookeeper.c(3450): warning C4996: 'sprintf': This function or variable may be unsafe. Consider using sprintf_s instead. To disable deprecation, use _CRT_SECURE_NO_WARNINGS. See online help for details.
                 D:\Program Files (x86)\Microsoft Visual Studio 10.0\VC\include\stdio.h(371) : see declaration of 'sprintf'
     1>src\zookeeper.c(3428): warning C4101: 'addrstr' : unreferenced local variable
         zookeeper.jute.c
     1>d:\def\trunk\code\tool\zookeeperc\zookeeper-3.4.6\src\c\include\winconfig.h(187): warning C4005: 'EWOULDBLOCK' : macro redefinition
                 D:\Program Files (x86)\Microsoft Visual Studio 10.0\VC\include\errno.h(132) : see previous definition of 'EWOULDBLOCK'
     1>d:\def\trunk\code\tool\zookeeperc\zookeeper-3.4.6\src\c\include\winconfig.h(188): warning C4005: 'EINPROGRESS' : macro redefinition
                 D:\Program Files (x86)\Microsoft Visual Studio 10.0\VC\include\errno.h(104) : see previous definition of 'EINPROGRESS'
         Generating Code...
     1>d:\def\trunk\code\tool\zookeeperc\zookeeper-3.4.6\src\c\src\winport.c(164): warning C4716: 'pthread_cond_broadcast' : must return a value
     1>d:\def\trunk\code\tool\zookeeperc\zookeeper-3.4.6\src\c\src\winport.c(203): warning C4716: 'pthread_cond_wait' : must return a value
       Link:
         D:\Program Files (x86)\Microsoft Visual Studio 10.0\VC\bin\x86_amd64\link.exe /ERRORREPORT:PROMPT /OUT:"Debug\zookeeper.dll" /INCREMENTAL:NO /NOLOGO ws2_32.lib kernel32.lib user32.lib gdi32.lib winspool.lib comdlg32.lib advapi32.lib shell32.lib ole32.lib oleaut32.lib uuid.lib odbc32.lib odbccp32.lib /MANIFEST /ManifestFile:"Debug\zookeeper.dll.intermediate.manifest" /MANIFESTUAC:"level='asInvoker' uiAccess='false'" /DEBUG /PDB:"D:\DEF\trunk\Code\Tool\ZooKeeperC\zookeeper-3.4.6\src\c\Debug\zookeeper.pdb" /SUBSYSTEM:WINDOWS /TLBID:1 /DYNAMICBASE:NO /IMPLIB:".\Debug/zookeeper_d.lib" /MACHINE:X64 /DLL Debug\winconfig.obj
         Debug\hashtable.obj
         Debug\hashtable_itr.obj
         Debug\mt_adaptor.obj
         Debug\recordio.obj
         Debug\winport.obj
         Debug\zk_hashtable.obj
         Debug\zk_log.obj
         Debug\zookeeper.obj
         Debug\zookeeper.jute.obj
            Creating library .\Debug/zookeeper_d.lib and object .\Debug/zookeeper_d.exp
         zookeeper.vcxproj -> D:\DEF\trunk\Code\Tool\ZooKeeperC\zookeeper-3.4.6\src\c\Debug\zookeeper.dll
       Manifest:
         C:\Program Files (x86)\Microsoft SDKs\Windows\v7.0A\bin\mt.exe /nologo /verbose /outputresource:"Debug\zookeeper.dll;#2" /manifest Debug\zookeeper.dll.intermediate.manifest
       FinalizeBuildStatus:
         Deleting file "Debug\zookeeper.unsuccessfulbuild".
         Touching "Debug\zookeeper.lastbuildstate".
     1>Done Building Project "D:\DEF\trunk\Code\Tool\ZooKeeperC\zookeeper-3.4.6\src\c\zookeeper.vcxproj" (build target(s)).

Build succeeded.

Time Elapsed 00:00:02.76
