D:\DEF\trunk\Code\Tool\ZooKeeperC\zookeeper-3.4.6\src\c\Release\cl.command.1.tlog
D:\DEF\trunk\Code\Tool\ZooKeeperC\zookeeper-3.4.6\src\c\Release\CL.read.1.tlog
D:\DEF\trunk\Code\Tool\ZooKeeperC\zookeeper-3.4.6\src\c\Release\CL.write.1.tlog
D:\DEF\TRUNK\CODE\TOOL\ZOOKEEPERC\ZOOKEEPER-3.4.6\SRC\C\RELEASE\HASHTABLE.OBJ
D:\DEF\TRUNK\CODE\TOOL\ZOOKEEPERC\ZOOKEEPER-3.4.6\SRC\C\RELEASE\HASHTABLE_ITR.OBJ
D:\DEF\trunk\Code\Tool\ZooKeeperC\zookeeper-3.4.6\src\c\Release\link.command.1.tlog
D:\DEF\trunk\Code\Tool\ZooKeeperC\zookeeper-3.4.6\src\c\Release\link.read.1.tlog
D:\DEF\trunk\Code\Tool\ZooKeeperC\zookeeper-3.4.6\src\c\Release\link.write.1.tlog
D:\DEF\trunk\Code\Tool\ZooKeeperC\zookeeper-3.4.6\src\c\Release\link-cvtres.read.1.tlog
D:\DEF\trunk\Code\Tool\ZooKeeperC\zookeeper-3.4.6\src\c\Release\link-cvtres.write.1.tlog
D:\DEF\trunk\Code\Tool\ZooKeeperC\zookeeper-3.4.6\src\c\Release\mt.command.1.tlog
D:\DEF\trunk\Code\Tool\ZooKeeperC\zookeeper-3.4.6\src\c\Release\mt.read.1.tlog
D:\DEF\trunk\Code\Tool\ZooKeeperC\zookeeper-3.4.6\src\c\Release\mt.write.1.tlog
D:\DEF\TRUNK\CODE\TOOL\ZOOKEEPERC\ZOOKEEPER-3.4.6\SRC\C\RELEASE\MT_ADAPTOR.OBJ
D:\DEF\trunk\Code\Tool\ZooKeeperC\zookeeper-3.4.6\src\c\Release\rc.command.1.tlog
D:\DEF\trunk\Code\Tool\ZooKeeperC\zookeeper-3.4.6\src\c\Release\rc.read.1.tlog
D:\DEF\trunk\Code\Tool\ZooKeeperC\zookeeper-3.4.6\src\c\Release\rc.write.1.tlog
D:\DEF\TRUNK\CODE\TOOL\ZOOKEEPERC\ZOOKEEPER-3.4.6\SRC\C\RELEASE\RECORDIO.OBJ
D:\DEF\TRUNK\CODE\TOOL\ZOOKEEPERC\ZOOKEEPER-3.4.6\SRC\C\RELEASE\VC100.PDB
D:\DEF\TRUNK\CODE\TOOL\ZOOKEEPERC\ZOOKEEPER-3.4.6\SRC\C\RELEASE\WINCONFIG.OBJ
D:\DEF\TRUNK\CODE\TOOL\ZOOKEEPERC\ZOOKEEPER-3.4.6\SRC\C\RELEASE\WINPORT.OBJ
D:\DEF\TRUNK\CODE\TOOL\ZOOKEEPERC\ZOOKEEPER-3.4.6\SRC\C\RELEASE\ZK_HASHTABLE.OBJ
D:\DEF\TRUNK\CODE\TOOL\ZOOKEEPERC\ZOOKEEPER-3.4.6\SRC\C\RELEASE\ZK_LOG.OBJ
D:\DEF\TRUNK\CODE\TOOL\ZOOKEEPERC\ZOOKEEPER-3.4.6\SRC\C\RELEASE\ZOOKEEPER.DLL
D:\DEF\TRUNK\CODE\TOOL\ZOOKEEPERC\ZOOKEEPER-3.4.6\SRC\C\RELEASE\ZOOKEEPER.DLL.EMBED.MANIFEST
D:\DEF\TRUNK\CODE\TOOL\ZOOKEEPERC\ZOOKEEPER-3.4.6\SRC\C\RELEASE\ZOOKEEPER.DLL.EMBED.MANIFEST.RES
D:\DEF\TRUNK\CODE\TOOL\ZOOKEEPERC\ZOOKEEPER-3.4.6\SRC\C\RELEASE\ZOOKEEPER.DLL.INTERMEDIATE.MANIFEST
D:\DEF\trunk\Code\Tool\ZooKeeperC\zookeeper-3.4.6\src\c\Release\zookeeper.exp
D:\DEF\TRUNK\CODE\TOOL\ZOOKEEPERC\ZOOKEEPER-3.4.6\SRC\C\RELEASE\ZOOKEEPER.JUTE.OBJ
D:\DEF\trunk\Code\Tool\ZooKeeperC\zookeeper-3.4.6\src\c\Release\zookeeper.lib
D:\DEF\TRUNK\CODE\TOOL\ZOOKEEPERC\ZOOKEEPER-3.4.6\SRC\C\RELEASE\ZOOKEEPER.OBJ
D:\DEF\TRUNK\CODE\TOOL\ZOOKEEPERC\ZOOKEEPER-3.4.6\SRC\C\RELEASE\ZOOKEEPER.PDB
D:\DEF\trunk\Code\Tool\ZooKeeperC\zookeeper-3.4.6\src\c\Release\zookeeper.write.1.tlog
D:\DEF\trunk\Code\Tool\ZooKeeperC\zookeeper-3.4.6\src\c\Release\zookeeper_manifest.rc
Release\zookeeper.pdb
